Determining if the pthread_create exist failed with the following output:
Change Dir: /home/cbc/pcl_without_ros/sample-consensus/plane_extract/build/CMakeFiles/CMakeTmp

Run Build Command:"/usr/bin/make" "cmTC_85f1b/fast"
make[1]: Entering directory '/home/cbc/pcl_without_ros/sample-consensus/plane_extract/build/CMakeFiles/CMakeTmp'
/usr/bin/make -f CMakeFiles/cmTC_85f1b.dir/build.make CMakeFiles/cmTC_85f1b.dir/build
make[2]: Entering directory '/home/cbc/pcl_without_ros/sample-consensus/plane_extract/build/CMakeFiles/CMakeTmp'
Building C object CMakeFiles/cmTC_85f1b.dir/CheckSymbolExists.c.o
/usr/bin/cc     -o CMakeFiles/cmTC_85f1b.dir/CheckSymbolExists.c.o   -c /home/cbc/pcl_without_ros/sample-consensus/plane_extract/build/CMakeFiles/CMakeTmp/CheckSymbolExists.c
Linking C executable cmTC_85f1b
/usr/bin/cmake -E cmake_link_script CMakeFiles/cmTC_85f1b.dir/link.txt --verbose=1
/usr/bin/cc       CMakeFiles/cmTC_85f1b.dir/CheckSymbolExists.c.o  -o cmTC_85f1b -rdynamic 
CMakeFiles/cmTC_85f1b.dir/CheckSymbolExists.c.o：在函数‘main’中：
CheckSymbolExists.c:(.text+0x16)：对‘pthread_create’未定义的引用
collect2: error: ld returned 1 exit status
CMakeFiles/cmTC_85f1b.dir/build.make:97: recipe for target 'cmTC_85f1b' failed
make[2]: *** [cmTC_85f1b] Error 1
make[2]: Leaving directory '/home/cbc/pcl_without_ros/sample-consensus/plane_extract/build/CMakeFiles/CMakeTmp'
Makefile:126: recipe for target 'cmTC_85f1b/fast' failed
make[1]: *** [cmTC_85f1b/fast] Error 2
make[1]: Leaving directory '/home/cbc/pcl_without_ros/sample-consensus/plane_extract/build/CMakeFiles/CMakeTmp'

File /home/cbc/pcl_without_ros/sample-consensus/plane_extract/build/CMakeFiles/CMakeTmp/CheckSymbolExists.c:
/* */
#include <pthread.h>

int main(int argc, char** argv)
{
  (void)argv;
#ifndef pthread_create
  return ((int*)(&pthread_create))[argc];
#else
  (void)argc;
  return 0;
#endif
}

Determining if the function pthread_create exists in the pthreads failed with the following output:
Change Dir: /home/cbc/pcl_without_ros/sample-consensus/plane_extract/build/CMakeFiles/CMakeTmp

Run Build Command:"/usr/bin/make" "cmTC_3c4de/fast"
make[1]: Entering directory '/home/cbc/pcl_without_ros/sample-consensus/plane_extract/build/CMakeFiles/CMakeTmp'
/usr/bin/make -f CMakeFiles/cmTC_3c4de.dir/build.make CMakeFiles/cmTC_3c4de.dir/build
make[2]: Entering directory '/home/cbc/pcl_without_ros/sample-consensus/plane_extract/build/CMakeFiles/CMakeTmp'
Building C object CMakeFiles/cmTC_3c4de.dir/CheckFunctionExists.c.o
/usr/bin/cc    -DCHECK_FUNCTION_EXISTS=pthread_create   -o CMakeFiles/cmTC_3c4de.dir/CheckFunctionExists.c.o   -c /usr/share/cmake-3.5/Modules/CheckFunctionExists.c
Linking C executable cmTC_3c4de
/usr/bin/cmake -E cmake_link_script CMakeFiles/cmTC_3c4de.dir/link.txt --verbose=1
/usr/bin/cc   -DCHECK_FUNCTION_EXISTS=pthread_create    CMakeFiles/cmTC_3c4de.dir/CheckFunctionExists.c.o  -o cmTC_3c4de -rdynamic -lpthreads 
/usr/bin/ld: 找不到 -lpthreads
collect2: error: ld returned 1 exit status
CMakeFiles/cmTC_3c4de.dir/build.make:97: recipe for target 'cmTC_3c4de' failed
make[2]: *** [cmTC_3c4de] Error 1
make[2]: Leaving directory '/home/cbc/pcl_without_ros/sample-consensus/plane_extract/build/CMakeFiles/CMakeTmp'
Makefile:126: recipe for target 'cmTC_3c4de/fast' failed
make[1]: *** [cmTC_3c4de/fast] Error 2
make[1]: Leaving directory '/home/cbc/pcl_without_ros/sample-consensus/plane_extract/build/CMakeFiles/CMakeTmp'


